14:36:47.306 [main] INFO  testCases.TC001_AccountRegistrationTest - **** Starting TC001_AccountRegistrationTest  *****
14:36:47.434 [main] INFO  testCases.TC001_AccountRegistrationTest - Clicked on MyAccount Link 
14:36:48.175 [main] INFO  testCases.TC001_AccountRegistrationTest - Clicked on Registered Link 
14:36:48.179 [main] INFO  testCases.TC001_AccountRegistrationTest - Providing customer details ...
14:36:49.974 [main] INFO  testCases.TC001_AccountRegistrationTest - Validating expected message ..
14:36:50.020 [main] INFO  testCases.TC001_AccountRegistrationTest - **** Finished TC001_AccountRegistrationTest ******
20:26:24.846 [main] INFO  testCases.TC001_AccountRegistrationTest - **** Starting TC001_AccountRegistrationTest  *****
20:26:24.977 [main] INFO  testCases.TC001_AccountRegistrationTest - Clicked on MyAccount Link 
20:26:25.709 [main] INFO  testCases.TC001_AccountRegistrationTest - Clicked on Registered Link 
20:26:25.711 [main] INFO  testCases.TC001_AccountRegistrationTest - Providing customer details ...
20:26:27.232 [main] INFO  testCases.TC001_AccountRegistrationTest - Validating expected message ..
20:26:27.280 [main] INFO  testCases.TC001_AccountRegistrationTest - **** Finished TC001_AccountRegistrationTest ******
20:27:38.191 [main] INFO  testCases.TC001_AccountRegistrationTest - **** Starting TC001_AccountRegistrationTest  *****
20:27:38.258 [main] INFO  testCases.TC001_AccountRegistrationTest - Clicked on MyAccount Link 
20:27:39.017 [main] INFO  testCases.TC001_AccountRegistrationTest - Clicked on Registered Link 
20:27:39.019 [main] INFO  testCases.TC001_AccountRegistrationTest - Providing customer details ...
20:27:40.983 [main] INFO  testCases.TC001_AccountRegistrationTest - Validating expected message ..
20:27:41.030 [main] INFO  testCases.TC001_AccountRegistrationTest - **** Finished TC001_AccountRegistrationTest ******
20:28:20.018 [main] INFO  testCases.TC001_AccountRegistrationTest - **** Starting TC001_AccountRegistrationTest  *****
20:28:20.128 [main] INFO  testCases.TC001_AccountRegistrationTest - Clicked on MyAccount Link 
20:28:20.919 [main] INFO  testCases.TC001_AccountRegistrationTest - Clicked on Registered Link 
20:28:20.927 [main] INFO  testCases.TC001_AccountRegistrationTest - Providing customer details ...
20:28:22.783 [main] INFO  testCases.TC001_AccountRegistrationTest - Validating expected message ..
20:28:22.858 [main] INFO  testCases.TC001_AccountRegistrationTest - **** Finished TC001_AccountRegistrationTest ******
21:12:00.926 [main] INFO  testCases.TC001_AccountRegistrationTest - **** Starting TC001_AccountRegistrationTest  *****
21:12:01.042 [main] INFO  testCases.TC001_AccountRegistrationTest - Clicked on MyAccount Link 
21:12:01.760 [main] INFO  testCases.TC001_AccountRegistrationTest - Clicked on Registered Link 
21:12:01.763 [main] INFO  testCases.TC001_AccountRegistrationTest - Providing customer details ...
21:12:03.800 [main] INFO  testCases.TC001_AccountRegistrationTest - Validating expected message ..
21:12:03.864 [main] INFO  testCases.TC001_AccountRegistrationTest - **** Finished TC001_AccountRegistrationTest ******
09:51:09.318 [main] INFO  testCases.TC002_LoginTest - ************ Starting TC_002_LoginTest ******
09:52:54.507 [main] INFO  testCases.TC002_LoginTest - ************ Starting TC_002_LoginTest ******
09:54:03.398 [main] INFO  testCases.TC002_LoginTest - ************ Starting TC_002_LoginTest ******
15:19:40.130 [main] INFO  testCases.TC002_LoginTest - ************ Starting TC_002_LoginTest ******
